<?xml version="1.0" encoding="UTF-8"?>
<!-- Generated by org.testng.reporters.JUnitReportReporter -->
<testsuite hostname="DESKTOP-AKSS5SR" failures="0" tests="1" name="com.qspider.scripts.InvalidLoginExcel" time="10.642" errors="0" timestamp="2025-03-31T23:21:50 IST" skipped="0">
  <testcase classname="com.qspider.scripts.InvalidLoginExcel" name="testInvalidLogin" time="10.642"/>
  <system-out/>
</testsuite> <!-- com.qspider.scripts.InvalidLoginExcel -->
