<?xml version="1.0" encoding="UTF-8"?>
<!-- Generated by org.testng.reporters.JUnitReportReporter -->
<testsuite hostname="DESKTOP-7OGS9KI" failures="0" tests="1" name="com.hyrtutorials.java.PDFReader" time="48.806" errors="0" timestamp="2023-07-31T13:15:09 IST" skipped="0">
  <testcase classname="com.hyrtutorials.java.PDFReader" name="ReadPDFFile" time="48.806"/>
</testsuite> <!-- com.hyrtutorials.java.PDFReader -->
