<?xml version="1.0" encoding="UTF-8"?>
<!-- Generated by org.testng.reporters.JUnitReportReporter -->
<testsuite hostname="DESKTOP-AKSS5SR" failures="0" tests="8" name="parallel.RunCucumberTest" time="1.448" errors="0" timestamp="2025-04-22T10:42:24 IST" skipped="0">
  <testcase classname="parallel.RunCucumberTest" name="runScenario" time="0.336"/>
  <system-out/>
  <testcase classname="parallel.RunCucumberTest" name="runScenario" time="0.012"/>
  <system-out/>
  <testcase classname="parallel.RunCucumberTest" name="runScenario" time="0.374"/>
  <system-out/>
  <testcase classname="parallel.RunCucumberTest" name="runScenario" time="0.334"/>
  <system-out/>
  <testcase classname="parallel.RunCucumberTest" name="runScenario" time="0.017"/>
  <system-out/>
  <testcase classname="parallel.RunCucumberTest" name="runScenario" time="0.019"/>
  <system-out/>
  <testcase classname="parallel.RunCucumberTest" name="runScenario" time="0.024"/>
  <system-out/>
  <testcase classname="parallel.RunCucumberTest" name="runScenario" time="0.332"/>
  <system-out/>
</testsuite> <!-- parallel.RunCucumberTest -->
