<?xml version="1.0" encoding="UTF-8"?>
<!-- Generated by org.testng.reporters.JUnitReportReporter -->
<testsuite hostname="DESKTOP-7OGS9KI" failures="0" tests="1" name="scripts.InvalidLogin" time="23.537" errors="0" timestamp="2023-07-30T13:31:38 IST" skipped="0">
  <testcase classname="scripts.InvalidLogin" name="testInvalidLogin" time="23.537"/>
</testsuite> <!-- scripts.InvalidLogin -->
