<?xml version="1.0" encoding="UTF-8"?>
<!-- Generated by org.testng.reporters.JUnitReportReporter -->
<testsuite hostname="DESKTOP-7OGS9KI" failures="0" tests="1" name="scripts.ValidLogin" time="24.991" errors="0" timestamp="2023-07-30T13:31:38 IST" skipped="0">
  <testcase classname="scripts.ValidLogin" name="testValidLogin" time="24.991"/>
</testsuite> <!-- scripts.ValidLogin -->
