<?xml version="1.0" encoding="UTF-8"?>
<!-- Generated by org.testng.reporters.JUnitReportReporter -->
<testsuite hostname="DESKTOP-7OGS9KI" failures="0" tests="1" name="P46_PageFactoryModel_Test" time="175.948" errors="0" timestamp="2023-07-29T22:14:53 IST" skipped="0">
  <testcase classname="P46_PageFactoryModel_Test" name="positiveCredential" time="175.948"/>
</testsuite> <!-- P46_PageFactoryModel_Test -->
