<?xml version="1.0" encoding="UTF-8"?>
<!-- Generated by org.testng.reporters.JUnitReportReporter -->
<testsuite hostname="DESKTOP-7OGS9KI" failures="0" tests="6" name="api.test.DataDrivenTest" time="13.741" errors="0" timestamp="2024-03-22T12:50:38 IST" skipped="0">
  <testcase classname="api.test.DataDrivenTest" name="testPostUser" time="2.187"/>
  <testcase classname="api.test.DataDrivenTest" name="testPostUser" time="1.652"/>
  <testcase classname="api.test.DataDrivenTest" name="testPostUser" time="4.841"/>
  <testcase classname="api.test.DataDrivenTest" name="testDeleteUser" time="1.614"/>
  <testcase classname="api.test.DataDrivenTest" name="testDeleteUser" time="1.595"/>
  <testcase classname="api.test.DataDrivenTest" name="testDeleteUser" time="1.852"/>
</testsuite> <!-- api.test.DataDrivenTest -->
