<?xml version="1.0" encoding="UTF-8"?>
<!-- Generated by org.testng.reporters.JUnitReportReporter -->
<testsuite hostname="DESKTOP-7OGS9KI" failures="0" tests="4" name="api.test.UserTests" time="12.423" errors="0" timestamp="2024-03-22T22:35:10 IST" skipped="0">
  <testcase classname="api.test.UserTests" name="testPostUser" time="5.487"/>
  <testcase classname="api.test.UserTests" name="testGetUser" time="1.742"/>
  <testcase classname="api.test.UserTests" name="testUpdateUser" time="3.469"/>
  <testcase classname="api.test.UserTests" name="testDeleteUser" time="1.725"/>
</testsuite> <!-- api.test.UserTests -->
