<?xml version="1.0" encoding="UTF-8"?>
<!-- Generated by org.testng.reporters.JUnitReportReporter -->
<testsuite hostname="DESKTOP-7OGS9KI" failures="0" tests="4" name="api.test.UserTests2" time="15.111" errors="0" timestamp="2024-03-22T22:58:38 IST" skipped="0">
  <testcase classname="api.test.UserTests2" name="testPostUser" time="5.946"/>
  <testcase classname="api.test.UserTests2" name="testGetUser" time="1.815"/>
  <testcase classname="api.test.UserTests2" name="testUpdateUser" time="5.024"/>
  <testcase classname="api.test.UserTests2" name="testDeleteUser" time="2.326"/>
</testsuite> <!-- api.test.UserTests2 -->
