<?xml version="1.0" encoding="UTF-8"?>
<!-- Generated by org.testng.reporters.JUnitReportReporter -->
<testsuite hostname="DESKTOP-7OGS9KI" failures="0" tests="2" name="com.qspider.java.Q25_TestNG_MultipleBrowsers" time="234.505" errors="0" timestamp="2023-07-31T21:50:45 IST" skipped="0">
  <testcase classname="com.qspider.java.Q25_TestNG_MultipleBrowsers" name="method" time="116.981"/>
  <testcase classname="com.qspider.java.Q25_TestNG_MultipleBrowsers" name="method" time="117.524"/>
  <system-out>
    <![CDATA[Browser is:ME
Browser is:GC]]>
  </system-out>
</testsuite> <!-- com.qspider.java.Q25_TestNG_MultipleBrowsers -->
