<?xml version="1.0" encoding="UTF-8"?>
<!-- Generated by org.testng.reporters.JUnitReportReporter -->
<testsuite hostname="DESKTOP-7OGS9KI" failures="0" tests="1" name="com.qspider.java.Q24_TestNG_Parameter" time="0.030" errors="0" timestamp="2024-10-19T17:41:27 IST" skipped="0">
  <testcase classname="com.qspider.java.Q24_TestNG_Parameter" name="testA" time="0.030">
    <system-out>
      <![CDATA[Bangalore]]>
    </system-out>
  </testcase> <!-- testA -->
  <system-out>
    <![CDATA[Kararnatak
Bangalore
Basavanagudi]]>
  </system-out>
</testsuite> <!-- com.qspider.java.Q24_TestNG_Parameter -->
