<?xml version="1.0" encoding="UTF-8"?>
<!-- Generated by org.testng.reporters.JUnitReportReporter -->
<testsuite hostname="DESKTOP-AKSS5SR" failures="0" tests="1" name="com.qspider.java.Q22_TestNG_EX1" time="0.012" errors="0" timestamp="2024-11-30T23:35:56 IST" skipped="0">
  <testcase classname="com.qspider.java.Q22_TestNG_EX1" name="testDemo" time="0.012"/>
  <system-out>
    <![CDATA[Welcome to testNG Program]]>
  </system-out>
</testsuite> <!-- com.qspider.java.Q22_TestNG_EX1 -->
