<?xml version="1.0" encoding="UTF-8"?>
<!-- Generated by org.testng.reporters.JUnitReportReporter -->
<testsuite hostname="DESKTOP-7OGS9KI" failures="0" tests="5" name="com.selenium.testng.Abc" time="0.197" errors="0" timestamp="2024-02-22T20:33:27 IST" skipped="0">
  <testcase classname="com.selenium.testng.Abc" name="test_12" time="0.042"/>
  <testcase classname="com.selenium.testng.Abc" name="test_1" time="0.045"/>
  <testcase classname="com.selenium.testng.Abc" name="test_13" time="0.045"/>
  <testcase classname="com.selenium.testng.Abc" name="test_11" time="0.015"/>
  <testcase classname="com.selenium.testng.Abc" name="test_2" time="0.050"/>
</testsuite> <!-- com.selenium.testng.Abc -->
