<?xml version="1.0" encoding="UTF-8"?>
<!-- Generated by org.testng.reporters.JUnitReportReporter -->
<testsuite hostname="DESKTOP-7OGS9KI" failures="0" tests="5" name="TestNG.Def" time="0.314" errors="0" timestamp="2023-08-03T15:23:10 IST" skipped="0">
  <testcase classname="TestNG.Def" name="test_12" time="0.019"/>
  <testcase classname="TestNG.Def" name="test_1" time="0.014"/>
  <testcase classname="TestNG.Def" name="test_13" time="0.045"/>
  <testcase classname="TestNG.Def" name="test_11" time="0.194"/>
  <testcase classname="TestNG.Def" name="test_2" time="0.042"/>
</testsuite> <!-- TestNG.Def -->
