<?xml version="1.0" encoding="UTF-8"?>
<!-- Generated by org.testng.reporters.JUnitReportReporter -->
<testsuite hostname="DESKTOP-7OGS9KI" failures="0" tests="1" name="TestNG.softAssert" time="0.065" errors="0" timestamp="2023-08-03T17:43:46 IST" skipped="0">
  <testcase classname="TestNG.softAssert" name="verifyPageTitle" time="0.065"/>
</testsuite> <!-- TestNG.softAssert -->
