<?xml version="1.0" encoding="UTF-8"?>
<!-- Generated by org.testng.reporters.JUnitReportReporter -->
<testsuite hostname="DESKTOP-7OGS9KI" failures="0" tests="4" name="com.selenium.java.P33_TestNG_Demo" time="0.050" errors="0" timestamp="2023-07-29T20:41:32 IST" skipped="0">
  <testcase classname="com.selenium.java.P33_TestNG_Demo" name="b" time="0.007"/>
  <testcase classname="com.selenium.java.P33_TestNG_Demo" name="a" time="0.029"/>
  <testcase classname="com.selenium.java.P33_TestNG_Demo" name="positiveCredential2" time="0.008"/>
  <testcase classname="com.selenium.java.P33_TestNG_Demo" name="positiveCredential1" time="0.006"/>
</testsuite> <!-- com.selenium.java.P33_TestNG_Demo -->
