<?xml version="1.0" encoding="UTF-8"?>
<!-- Generated by org.testng.reporters.JUnitReportReporter -->
<testsuite hostname="DESKTOP-7OGS9KI" failures="0" tests="1" name="P42_TestNG_PageObject_Model" time="78.702" errors="0" timestamp="2023-07-19T12:02:04 IST" skipped="0">
  <testcase classname="P42_TestNG_PageObject_Model" name="positiveCredential" time="78.702"/>
</testsuite> <!-- P42_TestNG_PageObject_Model -->
