<?xml version="1.0" encoding="UTF-8"?>
<!-- Generated by org.testng.reporters.JUnitReportReporter -->
<testsuite hostname="DESKTOP-7OGS9KI" failures="0" tests="2" name="com.selenium.java.P45_TestNG_CrossBrowserTesting" time="117.526" errors="0" timestamp="2023-07-29T21:52:02 IST" skipped="0">
  <testcase classname="com.selenium.java.P45_TestNG_CrossBrowserTesting" name="testCase" time="46.462"/>
  <testcase classname="com.selenium.java.P45_TestNG_CrossBrowserTesting" name="testCase" time="71.064"/>
</testsuite> <!-- com.selenium.java.P45_TestNG_CrossBrowserTesting -->
