<?xml version="1.0" encoding="UTF-8"?>
<!-- Generated by org.testng.reporters.JUnitReportReporter -->
<testsuite hostname="DESKTOP-7OGS9KI" failures="0" tests="4" name="com.selenium.java.P48_TestNG_ParallelBrowsers_Methods" time="0.051" errors="0" timestamp="2023-08-08T10:37:15 IST" skipped="0">
  <testcase classname="com.selenium.java.P48_TestNG_ParallelBrowsers_Methods" name="testCase3" time="0.007"/>
  <testcase classname="com.selenium.java.P48_TestNG_ParallelBrowsers_Methods" name="testCase4" time="0.006"/>
  <testcase classname="com.selenium.java.P48_TestNG_ParallelBrowsers_Methods" name="testCase2" time="0.019"/>
  <testcase classname="com.selenium.java.P48_TestNG_ParallelBrowsers_Methods" name="testCase1" time="0.019"/>
</testsuite> <!-- com.selenium.java.P48_TestNG_ParallelBrowsers_Methods -->
