<?xml version="1.0" encoding="UTF-8"?>
<!-- Generated by org.testng.reporters.JUnitReportReporter -->
<testsuite hostname="DESKTOP-7OGS9KI" failures="0" tests="4" name="com.selenium.java.P48_TestNG_ParallelTest_Methods" time="0.394" errors="0" timestamp="2023-10-04T16:41:00 IST" skipped="0">
  <testcase classname="com.selenium.java.P48_TestNG_ParallelTest_Methods" name="testCase4" time="0.005"/>
  <testcase classname="com.selenium.java.P48_TestNG_ParallelTest_Methods" name="testCase3" time="0.017"/>
  <testcase classname="com.selenium.java.P48_TestNG_ParallelTest_Methods" name="testCase1" time="0.182"/>
  <testcase classname="com.selenium.java.P48_TestNG_ParallelTest_Methods" name="testCase2" time="0.190"/>
</testsuite> <!-- com.selenium.java.P48_TestNG_ParallelTest_Methods -->
