<?xml version="1.0" encoding="UTF-8"?>
<!-- Generated by org.testng.reporters.JUnitReportReporter -->
<testsuite hostname="DESKTOP-7OGS9KI" failures="0" tests="5" name="TestNG.Ghi" time="0.065" errors="0" timestamp="2023-08-03T15:23:10 IST" skipped="0">
  <testcase classname="TestNG.Ghi" name="test_12" time="0.020"/>
  <testcase classname="TestNG.Ghi" name="test_1" time="0.015"/>
  <testcase classname="TestNG.Ghi" name="test_13" time="0.007"/>
  <testcase classname="TestNG.Ghi" name="test_11" time="0.009"/>
  <testcase classname="TestNG.Ghi" name="test_2" time="0.014"/>
</testsuite> <!-- TestNG.Ghi -->
