<?xml version="1.0" encoding="UTF-8"?>
<!-- Generated by org.testng.reporters.JUnitReportReporter -->
<testsuite hostname="DESKTOP-7OGS9KI" failures="0" tests="2" name="P32_TestNG_Suite2" time="0.061" errors="0" timestamp="2023-07-12T22:27:10 IST" skipped="0">
  <testcase classname="P32_TestNG_Suite2" name="test_1" time="0.043"/>
  <testcase classname="P32_TestNG_Suite2" name="test_3" time="0.018"/>
</testsuite> <!-- P32_TestNG_Suite2 -->
