<?xml version="1.0" encoding="UTF-8"?>
<!-- Generated by org.testng.reporters.JUnitReportReporter -->
<testsuite hostname="DESKTOP-7OGS9KI" failures="0" tests="2" name="P31_TestNG_BeforeAfterClasses" time="0.114" errors="0" timestamp="2023-07-18T12:24:22 IST" skipped="0">
  <testcase classname="P31_TestNG_BeforeAfterClasses" name="a" time="0.043"/>
  <testcase classname="P31_TestNG_BeforeAfterClasses" name="b" time="0.071"/>
</testsuite> <!-- P31_TestNG_BeforeAfterClasses -->
