<?xml version="1.0" encoding="UTF-8"?>
<!-- Generated by org.testng.reporters.JUnitReportReporter -->
<testsuite hostname="DESKTOP-7OGS9KI" failures="0" tests="5" name="com.selenium.testng.Ghi" time="0.088" errors="0" timestamp="2024-02-22T20:33:27 IST" skipped="0">
  <testcase classname="com.selenium.testng.Ghi" name="test_12" time="0.021"/>
  <testcase classname="com.selenium.testng.Ghi" name="test_1" time="0.020"/>
  <testcase classname="com.selenium.testng.Ghi" name="test_13" time="0.016"/>
  <testcase classname="com.selenium.testng.Ghi" name="test_2" time="0.016"/>
  <testcase classname="com.selenium.testng.Ghi" name="test_11" time="0.015"/>
</testsuite> <!-- com.selenium.testng.Ghi -->
