<?xml version="1.0" encoding="UTF-8"?>
<!-- Generated by org.testng.reporters.JUnitReportReporter -->
<testsuite hostname="DESKTOP-7OGS9KI" failures="0" tests="2" name="P37_TestNG_DataProvider" time="44.248" errors="0" timestamp="2023-07-13T13:23:42 IST" skipped="0">
  <testcase classname="P37_TestNG_DataProvider" name="testCase" time="23.766"/>
  <testcase classname="P37_TestNG_DataProvider" name="testCase" time="20.482"/>
</testsuite> <!-- P37_TestNG_DataProvider -->
