<?xml version="1.0" encoding="UTF-8"?>
<!-- Generated by org.testng.reporters.JUnitReportReporter -->
<testsuite hostname="DESKTOP-7OGS9KI" failures="0" tests="2" name="P31_TestNG_Suite" time="0.036" errors="0" timestamp="2023-07-12T22:00:23 IST" skipped="0">
  <testcase classname="P31_TestNG_Suite" name="positiveCredential2" time="0.005"/>
  <testcase classname="P31_TestNG_Suite" name="positiveCredential1" time="0.031"/>
</testsuite> <!-- P31_TestNG_Suite -->
