<?xml version="1.0" encoding="UTF-8"?>
<!-- Generated by org.testng.reporters.JUnitReportReporter -->
<testsuite hostname="DESKTOP-7OGS9KI" failures="0" tests="3" name="TestNG.Priority" time="0.021" errors="0" timestamp="2023-08-03T10:53:15 IST" skipped="0">
  <testcase classname="TestNG.Priority" name="abcd" time="0.006"/>
  <testcase classname="TestNG.Priority" name="verifyTitle" time="0.008"/>
  <testcase classname="TestNG.Priority" name="abc" time="0.007"/>
</testsuite> <!-- TestNG.Priority -->
