<?xml version="1.0" encoding="UTF-8"?>
<!-- Generated by org.testng.reporters.JUnitReportReporter -->
<testsuite hostname="DESKTOP-7OGS9KI" failures="0" tests="2" name="P34_TestNG_BeforeAfterTest" time="0.075" errors="0" timestamp="2023-07-12T22:59:56 IST" skipped="0">
  <testcase classname="P34_TestNG_BeforeAfterTest" name="test_2" time="0.024"/>
  <testcase classname="P34_TestNG_BeforeAfterTest" name="test_1" time="0.051"/>
</testsuite> <!-- P34_TestNG_BeforeAfterTest -->
