<?xml version="1.0" encoding="UTF-8"?>
<!-- Generated by org.testng.reporters.JUnitReportReporter -->
<testsuite hostname="DESKTOP-7OGS9KI" failures="0" tests="1" name="com.selenium.java.P36_TestNG_BeforeAfterSuite" time="0.019" errors="0" timestamp="2023-08-03T15:20:27 IST" skipped="0">
  <testcase classname="com.selenium.java.P36_TestNG_BeforeAfterSuite" name="test_1" time="0.019"/>
</testsuite> <!-- com.selenium.java.P36_TestNG_BeforeAfterSuite -->
