<?xml version="1.0" encoding="UTF-8"?>
<!-- Generated by org.testng.reporters.JUnitReportReporter -->
<testsuite hostname="DESKTOP-7OGS9KI" failures="0" tests="2" name="com.selenium.java.P34_TestNG_BeforeAfterMethods" time="0.094" errors="0" timestamp="2023-07-29T20:43:55 IST" skipped="0">
  <testcase classname="com.selenium.java.P34_TestNG_BeforeAfterMethods" name="a" time="0.040"/>
  <testcase classname="com.selenium.java.P34_TestNG_BeforeAfterMethods" name="b" time="0.054"/>
</testsuite> <!-- com.selenium.java.P34_TestNG_BeforeAfterMethods -->
