<?xml version="1.0" encoding="UTF-8"?>
<!-- Generated by org.testng.reporters.JUnitReportReporter -->
<testsuite hostname="DESKTOP-AKSS5SR" failures="0" tests="1" name="com.selenium.java.P47_TestNG_Groups" time="0.011" errors="0" timestamp="2025-04-12T14:49:02 IST" skipped="0">
  <testcase classname="com.selenium.java.P47_TestNG_Groups" name="prepaidRecharge" time="0.011"/>
  <system-out/>
</testsuite> <!-- com.selenium.java.P47_TestNG_Groups -->
