<?xml version="1.0" encoding="UTF-8"?>
<!-- Generated by org.testng.reporters.JUnitReportReporter -->
<testsuite hostname="DESKTOP-7OGS9KI" failures="0" tests="2" name="com.selenium.java.P36_TestNG_BeforeAfterTest" time="0.044" errors="0" timestamp="2023-07-29T20:51:20 IST" skipped="0">
  <testcase classname="com.selenium.java.P36_TestNG_BeforeAfterTest" name="test_2" time="0.007"/>
  <testcase classname="com.selenium.java.P36_TestNG_BeforeAfterTest" name="test_1" time="0.037"/>
</testsuite> <!-- com.selenium.java.P36_TestNG_BeforeAfterTest -->
