<?xml version="1.0" encoding="UTF-8"?>
<!-- Generated by org.testng.reporters.JUnitReportReporter -->
<testsuite hostname="DESKTOP-7OGS9KI" failures="0" tests="4" name="com.selenium.java.P35_TestNG_with_without_Priority" time="0.044" errors="0" timestamp="2024-10-19T13:28:56 IST" skipped="0">
  <testcase classname="com.selenium.java.P35_TestNG_with_without_Priority" name="a" time="0.019"/>
  <testcase classname="com.selenium.java.P35_TestNG_with_without_Priority" name="b" time="0.010"/>
  <testcase classname="com.selenium.java.P35_TestNG_with_without_Priority" name="d" time="0.005"/>
  <testcase classname="com.selenium.java.P35_TestNG_with_without_Priority" name="c" time="0.010"/>
</testsuite> <!-- com.selenium.java.P35_TestNG_with_without_Priority -->
