<?xml version="1.0" encoding="UTF-8"?>
<!-- Generated by org.testng.reporters.JUnitReportReporter -->
<testsuite hostname="DESKTOP-AKSS5SR" failures="0" tests="4" name="com.selenium.java.P40_TestNG_BeforeAfterSuite" time="0.035" errors="0" timestamp="2025-07-15T16:58:14 IST" skipped="0">
  <testcase classname="com.selenium.java.P40_TestNG_BeforeAfterSuite" name="test_1" time="0.017"/>
  <system-out/>
  <testcase classname="com.selenium.java.P40_TestNG_BeforeAfterSuite" name="test_1" time="0.006"/>
  <system-out/>
  <testcase classname="com.selenium.java.P40_TestNG_BeforeAfterSuite" name="test_2" time="0.001"/>
  <system-out/>
  <testcase classname="com.selenium.java.P40_TestNG_BeforeAfterSuite" name="test_2" time="0.011"/>
  <system-out/>
</testsuite> <!-- com.selenium.java.P40_TestNG_BeforeAfterSuite -->
