<?xml version="1.0" encoding="UTF-8"?>
<!-- Generated by org.testng.reporters.JUnitReportReporter -->
<testsuite hostname="DESKTOP-7OGS9KI" failures="0" tests="2" name="com.selenium.testng.P31_TestNG_Suite" time="0.024" errors="0" timestamp="2023-07-12T21:56:50 IST" skipped="0">
  <testcase classname="com.selenium.testng.P31_TestNG_Suite" name="positiveCredential1" time="0.017"/>
  <testcase classname="com.selenium.testng.P31_TestNG_Suite" name="positiveCredential2" time="0.007"/>
</testsuite> <!-- com.selenium.testng.P31_TestNG_Suite -->
