<?xml version="1.0" encoding="UTF-8"?>
<!-- Generated by org.testng.reporters.JUnitReportReporter -->
<testsuite hostname="DESKTOP-7OGS9KI" failures="0" tests="2" name="P41_TestNG_CrossBrowserTesting" time="105.397" errors="0" timestamp="2023-07-18T15:30:11 IST" skipped="0">
  <testcase classname="P41_TestNG_CrossBrowserTesting" name="testCase" time="55.069"/>
  <testcase classname="P41_TestNG_CrossBrowserTesting" name="testCase" time="50.328"/>
</testsuite> <!-- P41_TestNG_CrossBrowserTesting -->
