<?xml version="1.0" encoding="UTF-8"?>
<!-- Generated by org.testng.reporters.JUnitReportReporter -->
<testsuite hostname="DESKTOP-7OGS9KI" failures="0" tests="1" name="TestNG.Abc" time="0.007" errors="0" timestamp="2023-08-03T15:23:10 IST" skipped="0">
  <testcase classname="TestNG.Abc" name="test_1" time="0.007"/>
</testsuite> <!-- TestNG.Abc -->
