<?xml version="1.0" encoding="UTF-8"?>
<!-- Generated by org.testng.reporters.JUnitReportReporter -->
<testsuite hostname="DESKTOP-7OGS9KI" failures="0" tests="4" name="P29_TestNG_Demo2" time="0.038" errors="0" timestamp="2023-07-12T20:51:47 IST" skipped="0">
  <testcase classname="P29_TestNG_Demo2" name="b" time="0.022"/>
  <testcase classname="P29_TestNG_Demo2" name="c" time="0.005"/>
  <testcase classname="P29_TestNG_Demo2" name="d" time="0.005"/>
  <testcase classname="P29_TestNG_Demo2" name="a" time="0.006"/>
</testsuite> <!-- P29_TestNG_Demo2 -->
