<?xml version="1.0" encoding="UTF-8"?>
<!-- Generated by org.testng.reporters.JUnitReportReporter -->
<testsuite hostname="DESKTOP-7OGS9KI" failures="0" tests="2" name="com.selenium.java.P39_TestNG_Suite" time="0.030" errors="0" timestamp="2023-07-29T20:59:13 IST" skipped="0">
  <testcase classname="com.selenium.java.P39_TestNG_Suite" name="positiveCredential1" time="0.025"/>
  <testcase classname="com.selenium.java.P39_TestNG_Suite" name="positiveCredential2" time="0.005"/>
</testsuite> <!-- com.selenium.java.P39_TestNG_Suite -->
