<?xml version="1.0" encoding="UTF-8"?>
<!-- Generated by org.testng.reporters.JUnitReportReporter -->
<testsuite hostname="DESKTOP-7OGS9KI" failures="0" tests="2" name="com.selenium.java.P40_TestNG_IncludeExclude" time="0.023" errors="0" timestamp="2023-07-29T21:05:09 IST" skipped="0">
  <testcase classname="com.selenium.java.P40_TestNG_IncludeExclude" name="test_3" time="0.005"/>
  <testcase classname="com.selenium.java.P40_TestNG_IncludeExclude" name="test_1" time="0.018"/>
</testsuite> <!-- com.selenium.java.P40_TestNG_IncludeExclude -->
