<?xml version="1.0" encoding="UTF-8"?>
<!-- Generated by org.testng.reporters.JUnitReportReporter -->
<testsuite hostname="DESKTOP-7OGS9KI" failures="0" tests="4" name="com.selenium.java.P37_TestNG_Priority" time="0.044" errors="0" timestamp="2023-08-03T10:42:48 IST" skipped="0">
  <testcase classname="com.selenium.java.P37_TestNG_Priority" name="test_2" time="0.003"/>
  <testcase classname="com.selenium.java.P37_TestNG_Priority" name="test_11" time="0.029"/>
  <testcase classname="com.selenium.java.P37_TestNG_Priority" name="d" time="0.006"/>
  <testcase classname="com.selenium.java.P37_TestNG_Priority" name="b" time="0.006"/>
</testsuite> <!-- com.selenium.java.P37_TestNG_Priority -->
