<?xml version="1.0" encoding="UTF-8"?>
<!-- Generated by org.testng.reporters.JUnitReportReporter -->
<testsuite hostname="DESKTOP-7OGS9KI" failures="0" tests="2" name="P33_TestNG_Groups" time="0.028" errors="0" timestamp="2023-07-12T22:50:57 IST" skipped="0">
  <testcase classname="P33_TestNG_Groups" name="test_3" time="0.025"/>
  <testcase classname="P33_TestNG_Groups" name="test_6" time="0.003"/>
</testsuite> <!-- P33_TestNG_Groups -->
