<?xml version="1.0" encoding="UTF-8"?>
<!-- Generated by org.testng.reporters.JUnitReportReporter -->
<testsuite hostname="DESKTOP-7OGS9KI" failures="0" tests="5" name="com.selenium.testng.Def" time="0.220" errors="0" timestamp="2024-02-22T20:33:27 IST" skipped="0">
  <testcase classname="com.selenium.testng.Def" name="test_12" time="0.079"/>
  <testcase classname="com.selenium.testng.Def" name="test_1" time="0.031"/>
  <testcase classname="com.selenium.testng.Def" name="test_13" time="0.058"/>
  <testcase classname="com.selenium.testng.Def" name="test_11" time="0.046"/>
  <testcase classname="com.selenium.testng.Def" name="test_2" time="0.006"/>
</testsuite> <!-- com.selenium.testng.Def -->
