<?xml version="1.0" encoding="UTF-8"?>
<!-- Generated by org.testng.reporters.JUnitReportReporter -->
<testsuite hostname="DESKTOP-AKSS5SR" failures="0" tests="3" name="com.selenium.testng.NoXMLParallelTest" time="0.021" errors="0" timestamp="2025-04-01T13:49:28 IST" skipped="0">
  <testcase classname="com.selenium.testng.NoXMLParallelTest" name="testMethod" time="0.009"/>
  <system-out/>
  <testcase classname="com.selenium.testng.NoXMLParallelTest" name="testMethod" time="0.009"/>
  <system-out/>
  <testcase classname="com.selenium.testng.NoXMLParallelTest" name="testMethod" time="0.003"/>
  <system-out/>
</testsuite> <!-- com.selenium.testng.NoXMLParallelTest -->
