<?xml version="1.0" encoding="UTF-8"?>
<!-- Generated by org.testng.reporters.JUnitReportReporter -->
<testsuite hostname="DESKTOP-7OGS9KI" failures="0" tests="2" name="com.selenium.java.P46_TestNG_Groups" time="0.025" errors="0" timestamp="2024-10-19T16:22:42 IST" skipped="0">
  <testcase classname="com.selenium.java.P46_TestNG_Groups" name="test_3" time="0.017"/>
  <testcase classname="com.selenium.java.P46_TestNG_Groups" name="test_6" time="0.008"/>
</testsuite> <!-- com.selenium.java.P46_TestNG_Groups -->
