<?xml version="1.0" encoding="UTF-8"?>
<!-- Generated by org.testng.reporters.JUnitReportReporter -->
<testsuite hostname="DESKTOP-7OGS9KI" failures="0" tests="4" name="P29_TestNG_Demo1" time="0.046" errors="0" timestamp="2023-07-18T11:36:53 IST" skipped="0">
  <testcase classname="P29_TestNG_Demo1" name="a" time="0.034"/>
  <testcase classname="P29_TestNG_Demo1" name="b" time="0.005"/>
  <testcase classname="P29_TestNG_Demo1" name="positiveCredential2" time="0.002"/>
  <testcase classname="P29_TestNG_Demo1" name="positiveCredential1" time="0.005"/>
</testsuite> <!-- P29_TestNG_Demo1 -->
