<?xml version="1.0" encoding="UTF-8"?>
<!-- Generated by org.testng.reporters.JUnitReportReporter -->
<testsuite hostname="DESKTOP-7OGS9KI" failures="0" tests="4" name="com.selenium.java.P49_TestNG_ParallelTest_Classes1" time="0.045" errors="0" timestamp="2023-10-04T16:44:57 IST" skipped="0">
  <testcase classname="com.selenium.java.P49_TestNG_ParallelTest_Classes1" name="testCase3" time="0.014"/>
  <testcase classname="com.selenium.java.P49_TestNG_ParallelTest_Classes1" name="testCase4" time="0.002"/>
  <testcase classname="com.selenium.java.P49_TestNG_ParallelTest_Classes1" name="testCase1" time="0.025"/>
  <testcase classname="com.selenium.java.P49_TestNG_ParallelTest_Classes1" name="testCase2" time="0.004"/>
</testsuite> <!-- com.selenium.java.P49_TestNG_ParallelTest_Classes1 -->
