<?xml version="1.0" encoding="UTF-8"?>
<!-- Generated by org.testng.reporters.JUnitReportReporter -->
<testsuite hostname="DESKTOP-7OGS9KI" failures="0" tests="2" name="P30_TestNG_BeforeAfterMethods" time="0.075" errors="0" timestamp="2023-07-18T12:18:10 IST" skipped="0">
  <testcase classname="P30_TestNG_BeforeAfterMethods" name="b" time="0.023"/>
  <testcase classname="P30_TestNG_BeforeAfterMethods" name="a" time="0.052"/>
</testsuite> <!-- P30_TestNG_BeforeAfterMethods -->
