<?xml version="1.0" encoding="UTF-8"?>
<!-- Generated by org.testng.reporters.JUnitReportReporter -->
<testsuite hostname="DESKTOP-7OGS9KI" failures="0" tests="1" name="P36_TestNG_InjectParameter" time="19.443" errors="0" timestamp="2023-07-13T12:50:46 IST" skipped="0">
  <testcase classname="P36_TestNG_InjectParameter" name="positiveTestCase" time="19.443"/>
</testsuite> <!-- P36_TestNG_InjectParameter -->
