<?xml version="1.0" encoding="UTF-8"?>
<!-- Generated by org.testng.reporters.JUnitReportReporter -->
<testsuite hostname="DESKTOP-7OGS9KI" failures="0" tests="3" name="TestNG.DependsOnMethods" time="0.043" errors="0" timestamp="2023-08-03T10:53:15 IST" skipped="0">
  <testcase classname="TestNG.DependsOnMethods" name="addVendor" time="0.015"/>
  <testcase classname="TestNG.DependsOnMethods" name="addProduct" time="0.004"/>
  <testcase classname="TestNG.DependsOnMethods" name="addCurrency" time="0.024"/>
</testsuite> <!-- TestNG.DependsOnMethods -->
