<?xml version="1.0" encoding="UTF-8"?>
<!-- Generated by org.testng.reporters.JUnitReportReporter -->
<testsuite hostname="DESKTOP-7OGS9KI" failures="0" tests="2" name="com.selenium.java.P49_TestNG_ParallelTest_Classes2" time="0.034" errors="0" timestamp="2023-10-04T16:44:57 IST" skipped="0">
  <testcase classname="com.selenium.java.P49_TestNG_ParallelTest_Classes2" name="testCase5" time="0.025"/>
  <testcase classname="com.selenium.java.P49_TestNG_ParallelTest_Classes2" name="testCase6" time="0.009"/>
</testsuite> <!-- com.selenium.java.P49_TestNG_ParallelTest_Classes2 -->
