<?xml version="1.0" encoding="UTF-8"?>
<!-- Generated by org.testng.reporters.JUnitReportReporter -->
<testsuite hostname="DESKTOP-AKSS5SR" failures="0" tests="2" name="com.selenium.java.P40_TestNG_BeforeAfterSuite2" time="0.034" errors="0" timestamp="2025-07-15T16:58:14 IST" skipped="0">
  <testcase classname="com.selenium.java.P40_TestNG_BeforeAfterSuite2" name="test_1" time="0.015"/>
  <system-out/>
  <testcase classname="com.selenium.java.P40_TestNG_BeforeAfterSuite2" name="test_2" time="0.019"/>
  <system-out/>
</testsuite> <!-- com.selenium.java.P40_TestNG_BeforeAfterSuite2 -->
