<?xml version="1.0" encoding="UTF-8"?>
<!-- Generated by org.testng.reporters.JUnitReportReporter -->
<testsuite hostname="DESKTOP-7OGS9KI" failures="0" tests="4" name="P29_TestNG_Demo" time="0.114" errors="0" timestamp="2023-07-18T12:10:23 IST" skipped="0">
  <testcase classname="P29_TestNG_Demo" name="a" time="0.052"/>
  <testcase classname="P29_TestNG_Demo" name="positiveCredential1" time="0.008"/>
  <testcase classname="P29_TestNG_Demo" name="b" time="0.026"/>
  <testcase classname="P29_TestNG_Demo" name="positiveCredential2" time="0.028"/>
</testsuite> <!-- P29_TestNG_Demo -->
