<?xml version="1.0" encoding="UTF-8"?>
<!-- Generated by org.testng.reporters.JUnitReportReporter -->
<testsuite hostname="DESKTOP-7OGS9KI" failures="0" tests="1" name="testCases.TC001_AccountRegistrationTest" time="13.698" errors="0" timestamp="2024-09-28T18:48:24 IST" skipped="0">
  <testcase classname="testCases.TC001_AccountRegistrationTest" name="verify_account_registration" time="13.698"/>
</testsuite> <!-- testCases.TC001_AccountRegistrationTest -->
