<?xml version="1.0" encoding="UTF-8"?>
<!-- Generated by org.testng.reporters.JUnitReportReporter -->
<testsuite hostname="DESKTOP-7OGS9KI" failures="0" tests="1" name="com.guru99Bank.driverfactory.TestGuru99Bank" time="4.048" errors="0" timestamp="2023-09-21T18:02:58 IST" skipped="0">
  <testcase classname="com.guru99Bank.driverfactory.TestGuru99Bank" name="LoginScenario" time="4.048"/>
</testsuite> <!-- com.guru99Bank.driverfactory.TestGuru99Bank -->
