<?xml version="1.0" encoding="UTF-8"?>
<!-- Generated by org.testng.reporters.JUnitReportReporter -->
<testsuite hostname="DESKTOP-7OGS9KI" failures="0" tests="4" name="api.test.UserTests2" time="14.455" errors="0" timestamp="2024-03-24T09:37:36 IST" skipped="0">
  <testcase classname="api.test.UserTests2" name="testPostUser" time="7.904"/>
  <testcase classname="api.test.UserTests2" name="testGetUser" time="1.806"/>
  <testcase classname="api.test.UserTests2" name="testUpdateUser" time="3.178"/>
  <testcase classname="api.test.UserTests2" name="testDeleteUser" time="1.567"/>
</testsuite> <!-- api.test.UserTests2 -->
