<?xml version="1.0" encoding="UTF-8"?>
<!-- Generated by org.testng.reporters.JUnitReportReporter -->
<testsuite hostname="DESKTOP-AKSS5SR" failures="0" tests="5" name="com.hyrtutorials.testng.H23_Parameter" time="16.610" errors="0" timestamp="2025-03-23T16:09:16 IST" skipped="0">
  <testcase classname="com.hyrtutorials.testng.H23_Parameter" name="EnterLoginDetails" time="1.128"/>
  <system-out/>
  <testcase classname="com.hyrtutorials.testng.H23_Parameter" name="VerifyMyInfo" time="0.958"/>
  <system-out/>
  <testcase classname="com.hyrtutorials.testng.H23_Parameter" name="EnterLoginDetails" time="5.132"/>
  <system-out/>
  <testcase classname="com.hyrtutorials.testng.H23_Parameter" name="NavigateToMyInfo" time="3.577"/>
  <system-out/>
  <testcase classname="com.hyrtutorials.testng.H23_Parameter" name="VerifyLogin" time="5.815"/>
  <system-out/>
</testsuite> <!-- com.hyrtutorials.testng.H23_Parameter -->
