<?xml version="1.0" encoding="UTF-8"?>
<!-- Generated by org.testng.reporters.JUnitReportReporter -->
<testsuite hostname="DESKTOP-7OGS9KI" failures="0" tests="2" name="com.hyrtutorials.testng.FirstTest" time="0.001" errors="0" timestamp="2023-08-24T11:18:48 IST" skipped="2">
  <testcase classname="com.hyrtutorials.testng.FirstTest" name="TestFacebook" time="0.001">
    <skipped/>
  </testcase> <!-- TestFacebook -->
  <testcase classname="com.hyrtutorials.testng.FirstTest" name="TestGoogle" time="0.000">
    <skipped/>
  </testcase> <!-- TestGoogle -->
</testsuite> <!-- com.hyrtutorials.testng.FirstTest -->
