<?xml version="1.0" encoding="UTF-8"?>
<!-- Generated by org.testng.reporters.JUnitReportReporter -->
<testsuite hostname="DESKTOP-7OGS9KI" failures="0" tests="3" name="com.hyrtutorials.parallel.TestClass2" time="0.037" errors="0" timestamp="2024-06-25T12:09:44 IST" skipped="0">
  <testcase classname="com.hyrtutorials.parallel.TestClass2" name="testMethod1" time="0.027"/>
  <testcase classname="com.hyrtutorials.parallel.TestClass2" name="testMethod2" time="0.003"/>
  <testcase classname="com.hyrtutorials.parallel.TestClass2" name="testMethod3" time="0.007"/>
</testsuite> <!-- com.hyrtutorials.parallel.TestClass2 -->
