<?xml version="1.0" encoding="UTF-8"?>
<!-- Generated by org.testng.reporters.JUnitReportReporter -->
<testsuite hostname="DESKTOP-AKSS5SR" failures="0" tests="3" name="com.hyrtutorials.testng.H25_ExcelDataReceiver" time="0.020" errors="0" timestamp="2025-04-01T15:47:27 IST" skipped="0">
  <testcase classname="com.hyrtutorials.testng.H25_ExcelDataReceiver" name="TestLogin" time="0.005"/>
  <system-out/>
  <testcase classname="com.hyrtutorials.testng.H25_ExcelDataReceiver" name="TestLogin" time="0.010"/>
  <system-out/>
  <testcase classname="com.hyrtutorials.testng.H25_ExcelDataReceiver" name="TestLogin" time="0.005"/>
  <system-out/>
</testsuite> <!-- com.hyrtutorials.testng.H25_ExcelDataReceiver -->
