<?xml version="1.0" encoding="UTF-8"?>
<!-- Generated by org.testng.reporters.JUnitReportReporter -->
<testsuite hostname="DESKTOP-7OGS9KI" failures="0" tests="6" name="com.hyrtutorials.parallel.TestClass7" time="0.010" errors="0" timestamp="2024-06-25T12:09:44 IST" skipped="0">
  <testcase classname="com.hyrtutorials.parallel.TestClass7" name="testMethod2" time="0.002"/>
  <testcase classname="com.hyrtutorials.parallel.TestClass7" name="testMethod5" time="0.002"/>
  <testcase classname="com.hyrtutorials.parallel.TestClass7" name="testMethod1" time="0.002"/>
  <testcase classname="com.hyrtutorials.parallel.TestClass7" name="testMethod3" time="0.001"/>
  <testcase classname="com.hyrtutorials.parallel.TestClass7" name="testMethod6" time="0.001"/>
  <testcase classname="com.hyrtutorials.parallel.TestClass7" name="testMethod7" time="0.002"/>
</testsuite> <!-- com.hyrtutorials.parallel.TestClass7 -->
