<?xml version="1.0" encoding="UTF-8"?>
<!-- Generated by org.testng.reporters.JUnitReportReporter -->
<testsuite hostname="DESKTOP-7OGS9KI" failures="0" tests="4" name="com.hyrtutorials.testng.H24_Dataprovider" time="0.035" errors="0" timestamp="2024-05-19T16:31:19 IST" skipped="0">
  <testcase classname="com.hyrtutorials.testng.H24_Dataprovider" name="readIndiciesData2" time="0.004"/>
  <testcase classname="com.hyrtutorials.testng.H24_Dataprovider" name="readIndiciesData2" time="0.008"/>
  <testcase classname="com.hyrtutorials.testng.H24_Dataprovider" name="readIndiciesData" time="0.013"/>
  <testcase classname="com.hyrtutorials.testng.H24_Dataprovider" name="readIndiciesData" time="0.010"/>
</testsuite> <!-- com.hyrtutorials.testng.H24_Dataprovider -->
