<?xml version="1.0" encoding="UTF-8"?>
<!-- Generated by org.testng.reporters.JUnitReportReporter -->
<testsuite hostname="DESKTOP-AKSS5SR" failures="0" tests="1" name="com.qa.tests.PostAPITest" time="1.335" errors="0" timestamp="2025-01-12T13:12:17 IST" skipped="0">
  <testcase classname="com.qa.tests.PostAPITest" name="postAPITest" time="1.335"/>
  <system-out/>
</testsuite> <!-- com.qa.tests.PostAPITest -->
