<?xml version="1.0" encoding="UTF-8"?>
<!-- Generated by org.testng.reporters.JUnitReportReporter -->
<testsuite hostname="DESKTOP-AKSS5SR" failures="0" tests="2" name="com.qa.tests.GetAPITest" time="2.039" errors="0" timestamp="2025-01-12T13:12:17 IST" skipped="0">
  <testcase classname="com.qa.tests.GetAPITest" name="getAPITestWithoutHeaders" time="1.806"/>
  <system-out/>
  <testcase classname="com.qa.tests.GetAPITest" name="getAPITestWithHeaders" time="0.233"/>
  <system-out/>
</testsuite> <!-- com.qa.tests.GetAPITest -->
