<?xml version="1.0" encoding="UTF-8"?>
<!-- Generated by org.testng.reporters.JUnitReportReporter -->
<testsuite hostname="DESKTOP-7OGS9KI" failures="0" tests="1" name="fakerLibrary.FakerLibrary" time="0.506" errors="0" timestamp="2024-03-21T14:06:53 IST" skipped="0">
  <testcase classname="fakerLibrary.FakerLibrary" name="testFakerLibrary" time="0.506"/>
</testsuite> <!-- fakerLibrary.FakerLibrary -->
