<?xml version="1.0" encoding="UTF-8"?>
<!-- Generated by org.testng.reporters.JUnitReportReporter -->
<testsuite hostname="DESKTOP-7OGS9KI" failures="0" tests="1"
	name="cookiesHeaders.GetCookiesHeaders" time="5.414" errors="0"
	timestamp="2024-03-18T10:55:42 IST" skipped="0">
	<testcase classname="cookiesHeaders.GetCookiesHeaders"
		name="testCookiesResponse" time="5.414" />
</testsuite> <!--
cookiesHeaders.GetCookiesHeaders -->
