<?xml version="1.0" encoding="UTF-8"?>
<!-- Generated by org.testng.reporters.JUnitReportReporter -->
<testsuite hostname="DESKTOP-AKSS5SR" failures="0" tests="2" name="serializationDeserialization.SerializationDeserialization2" time="0.424" errors="0" timestamp="2025-03-19T22:26:33 IST" skipped="0">
  <testcase classname="serializationDeserialization.SerializationDeserialization2" name="testSerialization" time="0.375"/>
  <system-out/>
  <testcase classname="serializationDeserialization.SerializationDeserialization2" name="testDeSerialization" time="0.049"/>
  <system-out/>
</testsuite> <!-- serializationDeserialization.SerializationDeserialization2 -->
