<?xml version="1.0" encoding="UTF-8"?>
<!-- Generated by org.testng.reporters.JUnitReportReporter -->
<testsuite hostname="DESKTOP-AKSS5SR" failures="0" tests="2" name="serializationDeserialization.SerializationDeserialization1" time="5.007" errors="0" timestamp="2025-03-19T22:15:16 IST" skipped="0">
  <testcase classname="serializationDeserialization.SerializationDeserialization1" name="testSerialization" time="4.108"/>
  <system-out/>
  <testcase classname="serializationDeserialization.SerializationDeserialization1" name="testDeSerialization" time="0.899"/>
  <system-out/>
</testsuite> <!-- serializationDeserialization.SerializationDeserialization1 -->
