<?xml version="1.0" encoding="UTF-8"?>
<!-- Generated by org.testng.reporters.JUnitReportReporter -->
<testsuite hostname="DESKTOP-7OGS9KI" failures="0" tests="4" name="differentWaysToCreateRequestBody.WaysToCreateRequestBody" time="6.215" errors="0" timestamp="2024-03-17T22:20:57 IST" skipped="0">
  <testcase classname="differentWaysToCreateRequestBody.WaysToCreateRequestBody" name="testPostUsingHashMap" time="5.990"/>
  <testcase classname="differentWaysToCreateRequestBody.WaysToCreateRequestBody" name="testPostUsingExternalJsonFile" time="0.083"/>
  <testcase classname="differentWaysToCreateRequestBody.WaysToCreateRequestBody" name="testPostUsingOrgJson" time="0.063"/>
  <testcase classname="differentWaysToCreateRequestBody.WaysToCreateRequestBody" name="testPostUsingPOJO" time="0.079"/>
</testsuite> <!-- differentWaysToCreateRequestBody.WaysToCreateRequestBody -->
