<?xml version="1.0" encoding="UTF-8"?>
<!-- Generated by org.testng.reporters.JUnitReportReporter -->
<testsuite hostname="DESKTOP-AKSS5SR" failures="0" tests="4" name="basicRestAssured.HtttpRequests" time="8.120" errors="0" timestamp="2025-03-18T12:13:29 IST" skipped="0">
  <testcase classname="basicRestAssured.HtttpRequests" name="getListUsers" time="6.059"/>
  <system-out/>
  <testcase classname="basicRestAssured.HtttpRequests" name="createUser" time="1.236"/>
  <system-out/>
  <testcase classname="basicRestAssured.HtttpRequests" name="updateUser" time="0.412"/>
  <system-out/>
  <testcase classname="basicRestAssured.HtttpRequests" name="deletUser" time="0.413"/>
  <system-out/>
</testsuite> <!-- basicRestAssured.HtttpRequests -->
