<?xml version="1.0" encoding="UTF-8"?>
<!-- Generated by org.testng.reporters.JUnitReportReporter -->
<testsuite hostname="DESKTOP-AKSS5SR" failures="0" tests="1" name="chaniningGoRest.CRUDChaining" time="8.239" errors="0" timestamp="2025-03-20T10:19:23 IST" skipped="0">
  <testcase classname="chaniningGoRest.CRUDChaining" name="testChaining" time="8.239"/>
  <system-out/>
</testsuite> <!-- chaniningGoRest.CRUDChaining -->
