<?xml version="1.0" encoding="UTF-8"?>
<!-- Generated by org.testng.reporters.JUnitReportReporter -->
<testsuite hostname="DESKTOP-7OGS9KI" failures="0" tests="4" name="day01.HtttpRequests" time="9.082" errors="0" timestamp="2024-03-17T19:29:50 IST" skipped="0">
  <testcase classname="day01.HtttpRequests" name="getListUsers" time="6.116"/>
  <testcase classname="day01.HtttpRequests" name="createUser" time="1.363"/>
  <testcase classname="day01.HtttpRequests" name="updateUser" time="0.900"/>
  <testcase classname="day01.HtttpRequests" name="deletUser" time="0.703"/>
</testsuite> <!-- day01.HtttpRequests -->
