<?xml version="1.0" encoding="UTF-8"?>
<!-- Generated by org.testng.reporters.JUnitReportReporter -->
<testsuite hostname="DESKTOP-AKSS5SR" failures="0" tests="1" name="chaniningGoRest.UpdateUser" time="1.453" errors="0" timestamp="2025-03-19T23:21:03 IST" skipped="0">
  <testcase classname="chaniningGoRest.UpdateUser" name="testUpdateUser" time="1.453"/>
  <system-out/>
</testsuite> <!-- chaniningGoRest.UpdateUser -->
