<?xml version="1.0" encoding="UTF-8"?>
<!-- Generated by org.testng.reporters.JUnitReportReporter -->
<testsuite hostname="DESKTOP-AKSS5SR" failures="0" tests="2" name="cookiesHeaders.GetHeaders" time="3.178" errors="0" timestamp="2025-03-18T22:38:45 IST" skipped="0">
  <testcase classname="cookiesHeaders.GetHeaders" name="testHeaders" time="0.313"/>
  <system-out/>
  <testcase classname="cookiesHeaders.GetHeaders" name="getHeadersDetails" time="2.865"/>
  <system-out/>
</testsuite> <!-- cookiesHeaders.GetHeaders -->
