<?xml version="1.0" encoding="UTF-8"?>
<!-- Generated by org.testng.reporters.JUnitReportReporter -->
<testsuite hostname="DESKTOP-7OGS9KI" failures="0" tests="2" name="serializationDeserialization.SerializationDeserialization" time="0.589" errors="0" timestamp="2024-03-20T13:19:35 IST" skipped="0">
  <testcase classname="serializationDeserialization.SerializationDeserialization" name="testSerialization" time="0.517"/>
  <testcase classname="serializationDeserialization.SerializationDeserialization" name="testDeSerialization" time="0.072"/>
</testsuite> <!-- serializationDeserialization.SerializationDeserialization -->
