<?xml version="1.0" encoding="UTF-8"?>
<!-- Generated by org.testng.reporters.JUnitReportReporter -->
<testsuite hostname="DESKTOP-AKSS5SR" failures="0" tests="1" name="parseJsonXMLResponse.ParsingJsonResponseData" time="3.558" errors="0" timestamp="2025-03-18T23:18:08 IST" skipped="0">
  <testcase classname="parseJsonXMLResponse.ParsingJsonResponseData" name="testJsonResponse" time="3.558"/>
  <system-out/>
</testsuite> <!-- parseJsonXMLResponse.ParsingJsonResponseData -->
