<?xml version="1.0" encoding="UTF-8"?>
<!-- Generated by org.testng.reporters.JUnitReportReporter -->
<testsuite hostname="DESKTOP-AKSS5SR" failures="0" tests="1" name="serializationDeserialization.SerializationExample" time="4.100" errors="0" timestamp="2025-03-19T20:27:02 IST" skipped="0">
  <testcase classname="serializationDeserialization.SerializationExample" name="testDeSerialization" time="4.100"/>
  <system-out/>
</testsuite> <!-- serializationDeserialization.SerializationExample -->
