<?xml version="1.0" encoding="UTF-8"?>
<!-- Generated by org.testng.reporters.JUnitReportReporter -->
<testsuite hostname="DESKTOP-AKSS5SR" failures="0" tests="1" name="chaniningGoRest.DeleteUser" time="1.150" errors="0" timestamp="2025-03-19T23:21:03 IST" skipped="0">
  <testcase classname="chaniningGoRest.DeleteUser" name="testDeleteUser" time="1.150"/>
  <system-out/>
</testsuite> <!-- chaniningGoRest.DeleteUser -->
