<?xml version="1.0" encoding="UTF-8"?>
<!-- Generated by org.testng.reporters.JUnitReportReporter -->
<testsuite hostname="DESKTOP-7OGS9KI" failures="0" tests="1"
	name="pathAndQueryParameters.PathAndQueryParameters" time="3.777" errors="0"
	timestamp="2024-03-18T10:40:09 IST" skipped="0">
	<testcase classname="pathAndQueryParameters.PathAndQueryParameters"
		name="testPathQueryParameters" time="3.777" />
</testsuite> <!--
pathAndQueryParameters.PathAndQueryParameters -->
