<?xml version="1.0" encoding="UTF-8"?>
<!-- Generated by org.testng.reporters.JUnitReportReporter -->
<testsuite hostname="DESKTOP-AKSS5SR" failures="0" tests="1" name="parseJsonXMLResponse.ParsingXMLResponse" time="3.775" errors="0" timestamp="2025-03-19T10:58:26 IST" skipped="0">
  <testcase classname="parseJsonXMLResponse.ParsingXMLResponse" name="testXMLResponse" time="3.775"/>
  <system-out/>
</testsuite> <!-- parseJsonXMLResponse.ParsingXMLResponse -->
