<?xml version="1.0" encoding="UTF-8"?>
<!-- Generated by org.testng.reporters.JUnitReportReporter -->
<testsuite hostname="DESKTOP-AKSS5SR" failures="0" tests="1" name="chaniningGoRest.CreateUser" time="4.966" errors="0" timestamp="2025-03-19T23:21:03 IST" skipped="0">
  <testcase classname="chaniningGoRest.CreateUser" name="testCreateUser" time="4.966"/>
  <system-out/>
</testsuite> <!-- chaniningGoRest.CreateUser -->
