<?xml version="1.0" encoding="UTF-8"?>
<!-- Generated by org.testng.reporters.JUnitReportReporter -->
<testsuite hostname="DESKTOP-AKSS5SR" failures="0" tests="2" name="cookiesHeaders.GetCookies" time="3.720" errors="0" timestamp="2025-03-18T22:34:47 IST" skipped="0">
  <testcase classname="cookiesHeaders.GetCookies" name="getAllCookiesDetails" time="3.648"/>
  <system-out/>
  <testcase classname="cookiesHeaders.GetCookies" name="testCookies" time="0.072"/>
  <system-out/>
</testsuite> <!-- cookiesHeaders.GetCookies -->
