<?xml version="1.0" encoding="UTF-8"?>
<!-- Generated by org.testng.reporters.JUnitReportReporter -->
<testsuite hostname="DESKTOP-AKSS5SR" failures="0" tests="2" name="jsonXMLSchemaValidation.JsonXmlSchemaValidation" time="4.058" errors="0" timestamp="2025-03-19T11:23:35 IST" skipped="0">
  <testcase classname="jsonXMLSchemaValidation.JsonXmlSchemaValidation" name="xmlSchemaValidation" time="0.454"/>
  <system-out/>
  <testcase classname="jsonXMLSchemaValidation.JsonXmlSchemaValidation" name="jsonSchemaValidation" time="3.604"/>
  <system-out/>
</testsuite> <!-- jsonXMLSchemaValidation.JsonXmlSchemaValidation -->
