<?xml version="1.0" encoding="UTF-8"?>
<!-- Generated by org.testng.reporters.JUnitReportReporter -->
<testsuite hostname="DESKTOP-AKSS5SR" failures="0" tests="1" name="cookiesHeaders.UsingLogging" time="3.808" errors="0" timestamp="2025-03-18T19:39:12 IST" skipped="0">
  <testcase classname="cookiesHeaders.UsingLogging" name="getCookiesHeaders" time="3.808"/>
  <system-out/>
</testsuite> <!-- cookiesHeaders.UsingLogging -->
