<?xml version="1.0" encoding="UTF-8"?>
<!-- Generated by org.testng.reporters.JUnitReportReporter -->
<testsuite hostname="DESKTOP-7OGS9KI" failures="0" tests="1" name="Runner.FailedScenariosTestNGRunner" time="13.800" errors="0" timestamp="2024-05-22T17:27:20 IST" skipped="0">
  <testcase classname="Runner.FailedScenariosTestNGRunner" name="runScenario" time="13.800"/>
  <system-out/>
</testsuite> <!-- Runner.FailedScenariosTestNGRunner -->
