<?xml version="1.0" encoding="UTF-8"?>
<!-- Generated by org.testng.reporters.JUnitReportReporter -->
<testsuite hostname="DESKTOP-AKSS5SR" failures="0" tests="1" name="Runner.TestNGRunner" time="15.728" errors="0" timestamp="2025-03-29T15:43:29 IST" skipped="0">
  <testcase classname="Runner.TestNGRunner" name="runScenario" time="15.728"/>
  <system-out/>
</testsuite> <!-- Runner.TestNGRunner -->
