<?xml version="1.0" encoding="UTF-8"?>
<!-- Generated by org.testng.reporters.JUnitReportReporter -->
<testsuite hostname="DESKTOP-7OGS9KI" failures="0" tests="1" name="classTest" time="79.896" errors="0" timestamp="2023-07-19T11:49:06 IST" skipped="0">
  <testcase classname="classTest" name="positiveCredential" time="79.896"/>
</testsuite> <!-- classTest -->
