<?xml version="1.0" encoding="UTF-8"?>
<!-- Generated by org.testng.reporters.JUnitReportReporter -->
<testsuite hostname="DESKTOP-7OGS9KI" failures="0" tests="1" name="P27_PageObject_Model_Test" time="61.660" errors="0" timestamp="2023-07-19T11:56:38 IST" skipped="0">
  <testcase classname="P27_PageObject_Model_Test" name="positiveCredential" time="61.660"/>
</testsuite> <!-- P27_PageObject_Model_Test -->
