<?xml version="1.0" encoding="UTF-8"?>
<!-- Generated by org.testng.reporters.JUnitReportReporter -->
<testsuite hostname="DESKTOP-7OGS9KI" failures="0" tests="1" name="P42_TestNG_PageObject_Model_Test" time="163.562" errors="0" timestamp="2023-07-19T12:29:32 IST" skipped="0">
  <testcase classname="P42_TestNG_PageObject_Model_Test" name="positiveCredential" time="163.562"/>
</testsuite> <!-- P42_TestNG_PageObject_Model_Test -->
