<?xml version="1.0" encoding="UTF-8"?>
<!-- Generated by org.testng.reporters.JUnitReportReporter -->
<testsuite hostname="DESKTOP-7OGS9KI" failures="0" tests="1" name="P46_PageFactoryModel_Test" time="81.135" errors="0" timestamp="2023-07-30T10:44:46 IST" skipped="0">
  <testcase classname="P46_PageFactoryModel_Test" name="positiveCredential" time="81.135"/>
</testsuite> <!-- P46_PageFactoryModel_Test -->
