<?xml version="1.0" encoding="UTF-8"?>
<!-- Generated by org.testng.reporters.JUnitReportReporter -->
<testsuite hostname="DESKTOP-7OGS9KI" failures="0" tests="1" name="com.selenium.maven.P46_PageFactoryModel_Test" time="42.717" errors="0" timestamp="2023-09-21T16:47:59 IST" skipped="0">
  <testcase classname="com.selenium.maven.P46_PageFactoryModel_Test" name="positiveCredential" time="42.717"/>
</testsuite> <!-- com.selenium.maven.P46_PageFactoryModel_Test -->
