<?xml version="1.0" encoding="UTF-8"?>
<!-- Generated by org.testng.reporters.JUnitReportReporter -->
<testsuite hostname="DESKTOP-AKSS5SR" failures="0" tests="1" name="runner.CucumberRunnerTests" time="0.369" errors="0" timestamp="2025-04-04T20:41:44 IST" skipped="0">
  <testcase classname="runner.CucumberRunnerTests" name="runScenario" time="0.369"/>
  <system-out/>
</testsuite> <!-- runner.CucumberRunnerTests -->
